<?xml version="1.0" encoding="UTF-8"?>
<!-- Generated by org.testng.reporters.JUnitReportReporter -->
<testsuite hostname="JAYESH" failures="0" tests="4" name="com.apiautomation.LearningAPI.tests.JiraAPICalls" time="3.716" errors="0" timestamp="31 Jul. 2023 00:12:37 GMT" skipped="0">
  <testcase classname="com.apiautomation.LearningAPI.tests.JiraAPICalls" name="CreateMetadataApiCall" time="1.380"/>
  <testcase classname="com.apiautomation.LearningAPI.tests.JiraAPICalls" name="createIssueApiCall" time="0.908"/>
  <testcase classname="com.apiautomation.LearningAPI.tests.JiraAPICalls" name="editIssueApiCall" time="0.858"/>
  <testcase classname="com.apiautomation.LearningAPI.tests.JiraAPICalls" name="deleteIssueApiCall" time="0.570"/>
</testsuite> <!-- com.apiautomation.LearningAPI.tests.JiraAPICalls -->
