<?xml version="1.0" encoding="UTF-8"?>
<!-- Generated by org.testng.reporters.JUnitReportReporter -->
<testsuite hostname="JAYESH" failures="0" tests="1" name="com.apiautomation.LearningAPI.tests.CreateIssueMetadataTest" time="1.122" errors="0" timestamp="28 Jul. 2023 17:25:48 GMT" skipped="0">
  <testcase classname="com.apiautomation.LearningAPI.tests.CreateIssueMetadataTest" name="testApiCall" time="1.122"/>
</testsuite> <!-- com.apiautomation.LearningAPI.tests.CreateIssueMetadataTest -->
