<?xml version="1.0" encoding="UTF-8"?>
<!-- Generated by org.testng.reporters.JUnitReportReporter -->
<testsuite hostname="JAYESH" failures="0" tests="3" name="com.apiautomation.LearningAPI.tests.CreateIssue" time="3.419" errors="0" timestamp="29 Jul. 2023 13:40:01 GMT" skipped="0">
  <testcase classname="com.apiautomation.LearningAPI.tests.CreateIssue" name="createIssueApiCall" time="2.194"/>
  <testcase classname="com.apiautomation.LearningAPI.tests.CreateIssue" name="editIssueApiCall" time="0.555"/>
  <testcase classname="com.apiautomation.LearningAPI.tests.CreateIssue" name="deleteIssueApiCall" time="0.670"/>
</testsuite> <!-- com.apiautomation.LearningAPI.tests.CreateIssue -->
