<?xml version="1.0" encoding="UTF-8"?>
<!-- Generated by org.testng.reporters.JUnitReportReporter -->
<testsuite hostname="JAYESH" failures="0" tests="4" name="com.apiautomation.LearningAPI.tests.CreateAndEditIssue" time="3.586" errors="0" timestamp="30 Jul. 2023 15:25:37 GMT" skipped="0">
  <testcase classname="com.apiautomation.LearningAPI.tests.CreateAndEditIssue" name="CreateMetadataApiCall" time="1.336"/>
  <testcase classname="com.apiautomation.LearningAPI.tests.CreateAndEditIssue" name="createIssueApiCall" time="0.945"/>
  <testcase classname="com.apiautomation.LearningAPI.tests.CreateAndEditIssue" name="editIssueApiCall" time="0.640"/>
  <testcase classname="com.apiautomation.LearningAPI.tests.CreateAndEditIssue" name="deleteIssueApiCall" time="0.665"/>
</testsuite> <!-- com.apiautomation.LearningAPI.tests.CreateAndEditIssue -->
